{"/Users/ken/Desktop/Develop/knode3/lib/index.js":{"path":"/Users/ken/Desktop/Develop/knode3/lib/index.js","s":{"1":1,"2":1,"3":1,"4":0,"5":0,"6":0,"7":1,"8":0,"9":0,"10":0,"11":1,"12":1,"13":0,"14":1,"15":1,"16":1,"17":1,"18":1,"19":1,"20":1,"21":1,"22":1,"23":1,"24":1,"25":1},"b":{"1":[1,1,1],"2":[1,1],"3":[1,0]},"f":{"1":1,"2":1,"3":0,"4":0,"5":1,"6":0,"7":1,"8":1,"9":1,"10":1,"11":1},"fnMap":{"1":{"name":"(anonymous_1)","line":2,"loc":{"start":{"line":2,"column":44},"end":{"line":2,"column":89}}},"2":{"name":"(anonymous_2)","line":3,"loc":{"start":{"line":3,"column":36},"end":{"line":3,"column":63}}},"3":{"name":"fulfilled","line":4,"loc":{"start":{"line":4,"column":8},"end":{"line":4,"column":34}}},"4":{"name":"rejected","line":5,"loc":{"start":{"line":5,"column":8},"end":{"line":5,"column":33}}},"5":{"name":"step","line":6,"loc":{"start":{"line":6,"column":8},"end":{"line":6,"column":30}}},"6":{"name":"(anonymous_6)","line":6,"loc":{"start":{"line":6,"column":76},"end":{"line":6,"column":95}}},"7":{"name":"(anonymous_7)","line":12,"loc":{"start":{"line":12,"column":17},"end":{"line":12,"column":29}}},"8":{"name":"default_1","line":13,"loc":{"start":{"line":13,"column":4},"end":{"line":13,"column":25}}},"9":{"name":"(anonymous_9)","line":15,"loc":{"start":{"line":15,"column":30},"end":{"line":15,"column":45}}},"10":{"name":"(anonymous_10)","line":18,"loc":{"start":{"line":18,"column":38},"end":{"line":18,"column":56}}},"11":{"name":"(anonymous_11)","line":19,"loc":{"start":{"line":19,"column":47},"end":{"line":19,"column":60}}}},"statementMap":{"1":{"start":{"line":2,"column":0},"end":{"line":9,"column":2}},"2":{"start":{"line":3,"column":4},"end":{"line":8,"column":7}},"3":{"start":{"line":4,"column":8},"end":{"line":4,"column":99}},"4":{"start":{"line":4,"column":36},"end":{"line":4,"column":97}},"5":{"start":{"line":4,"column":42},"end":{"line":4,"column":70}},"6":{"start":{"line":4,"column":85},"end":{"line":4,"column":95}},"7":{"start":{"line":5,"column":8},"end":{"line":5,"column":99}},"8":{"start":{"line":5,"column":35},"end":{"line":5,"column":97}},"9":{"start":{"line":5,"column":41},"end":{"line":5,"column":70}},"10":{"start":{"line":5,"column":85},"end":{"line":5,"column":95}},"11":{"start":{"line":6,"column":8},"end":{"line":6,"column":151}},"12":{"start":{"line":6,"column":32},"end":{"line":6,"column":149}},"13":{"start":{"line":6,"column":97},"end":{"line":6,"column":119}},"14":{"start":{"line":7,"column":8},"end":{"line":7,"column":72}},"15":{"start":{"line":11,"column":0},"end":{"line":11,"column":37}},"16":{"start":{"line":12,"column":0},"end":{"line":24,"column":5}},"17":{"start":{"line":13,"column":4},"end":{"line":14,"column":5}},"18":{"start":{"line":15,"column":4},"end":{"line":17,"column":6}},"19":{"start":{"line":16,"column":8},"end":{"line":16,"column":44}},"20":{"start":{"line":18,"column":4},"end":{"line":22,"column":6}},"21":{"start":{"line":19,"column":8},"end":{"line":21,"column":11}},"22":{"start":{"line":20,"column":12},"end":{"line":20,"column":32}},"23":{"start":{"line":23,"column":4},"end":{"line":23,"column":21}},"24":{"start":{"line":25,"column":0},"end":{"line":25,"column":62}},"25":{"start":{"line":26,"column":0},"end":{"line":26,"column":28}}},"branchMap":{"1":{"line":2,"type":"binary-expr","locations":[{"start":{"line":2,"column":17},"end":{"line":2,"column":21}},{"start":{"line":2,"column":25},"end":{"line":2,"column":39}},{"start":{"line":2,"column":44},"end":{"line":9,"column":1}}]},"2":{"line":3,"type":"binary-expr","locations":[{"start":{"line":3,"column":16},"end":{"line":3,"column":17}},{"start":{"line":3,"column":22},"end":{"line":3,"column":33}}]},"3":{"line":6,"type":"cond-expr","locations":[{"start":{"line":6,"column":46},"end":{"line":6,"column":67}},{"start":{"line":6,"column":70},"end":{"line":6,"column":148}}]}}}}