TN:
SF:/Users/ken/Desktop/Develop/knode3/lib/index.js
FN:2,(anonymous_1)
FN:3,(anonymous_2)
FN:4,fulfilled
FN:5,rejected
FN:6,step
FN:6,(anonymous_6)
FN:12,(anonymous_7)
FN:13,default_1
FN:15,(anonymous_9)
FN:18,(anonymous_10)
FN:19,(anonymous_11)
FNF:11
FNH:8
FNDA:1,(anonymous_1)
FNDA:1,(anonymous_2)
FNDA:0,fulfilled
FNDA:0,rejected
FNDA:1,step
FNDA:0,(anonymous_6)
FNDA:1,(anonymous_7)
FNDA:1,default_1
FNDA:1,(anonymous_9)
FNDA:1,(anonymous_10)
FNDA:1,(anonymous_11)
DA:2,1
DA:3,1
DA:4,1
DA:5,1
DA:6,1
DA:7,1
DA:11,1
DA:12,1
DA:13,1
DA:15,1
DA:16,1
DA:18,1
DA:19,1
DA:20,1
DA:23,1
DA:25,1
DA:26,1
LF:17
LH:17
BRDA:2,1,0,1
BRDA:2,1,1,1
BRDA:2,1,2,1
BRDA:3,2,0,1
BRDA:3,2,1,1
BRDA:6,3,0,1
BRDA:6,3,1,0
BRF:7
BRH:6
end_of_record
